+ set -e
+ cd /home/caregnatog/VisionExplainability/CNN
+ IMG=docker://pytorch/pytorch:2.3.1-cuda11.8-cudnn8-runtime
+ REQ=/home/caregnatog/VisionExplainability/requirements2.txt
++ date
+ echo 'Job started at: Thu Nov 13 22:04:13 CET 2025'
++ hostname
+ echo 'Running on host: gpu5.dei.unipd.it'
+ srun singularity exec --nv docker://pytorch/pytorch:2.3.1-cuda11.8-cudnn8-runtime bash -lc 'python3 -m pip install --user --upgrade pip && python3 -m pip install --user -r '\''/home/caregnatog/VisionExplainability/requirements2.txt'\'''
INFO:    Using cached SIF image
  WARNING: The script tqdm is installed in '/home/caregnatog/.local/bin' which is not on PATH.
  Consider adding this directory to PATH or, if you prefer to suppress this warning, use --no-warn-script-location.
  WARNING: The script isympy is installed in '/home/caregnatog/.local/bin' which is not on PATH.
  Consider adding this directory to PATH or, if you prefer to suppress this warning, use --no-warn-script-location.
  WARNING: The scripts f2py and numpy-config are installed in '/home/caregnatog/.local/bin' which is not on PATH.
  Consider adding this directory to PATH or, if you prefer to suppress this warning, use --no-warn-script-location.
  WARNING: The scripts fonttools, pyftmerge, pyftsubset and ttx are installed in '/home/caregnatog/.local/bin' which is not on PATH.
  Consider adding this directory to PATH or, if you prefer to suppress this warning, use --no-warn-script-location.
ERROR: pip's dependency resolver does not currently take into account all the packages that are installed. This behaviour is the source of the following dependency conflicts.
captum 0.8.0 requires numpy<2.0, but you have numpy 2.2.6 which is incompatible.
datasets 2.14.5 requires fsspec[http]<2023.9.0,>=2023.1.0, but you have fsspec 2025.10.0 which is incompatible.
mlflow 2.9.1 requires numpy<2, but you have numpy 2.2.6 which is incompatible.
mlflow 2.9.1 requires packaging<24, but you have packaging 25.0 which is incompatible.
mlflow 2.9.1 requires pytz<2024, but you have pytz 2025.2 which is incompatible.
+ srun singularity exec --nv docker://pytorch/pytorch:2.3.1-cuda11.8-cudnn8-runtime bash -lc 'python3 -c '\''import numpy, pytorch_grad_cam; print("numpy OK:", numpy.__version__)'\'''
INFO:    Using cached SIF image

A module that was compiled using NumPy 1.x cannot be run in
NumPy 2.2.6 as it may crash. To support both 1.x and 2.x
versions of NumPy, modules must be compiled with NumPy 2.0.
Some module may need to rebuild instead e.g. with 'pybind11>=2.12'.

If you are a user of the module, the easiest solution will be to
downgrade to 'numpy<2' or try to upgrade the affected module.
We expect that some modules will need time to support NumPy 2.

Traceback (most recent call last):  File "<string>", line 1, in <module>
  File "/home/caregnatog/.local/lib/python3.10/site-packages/pytorch_grad_cam/__init__.py", line 1, in <module>
    from pytorch_grad_cam.grad_cam import GradCAM
  File "/home/caregnatog/.local/lib/python3.10/site-packages/pytorch_grad_cam/grad_cam.py", line 3, in <module>
    from pytorch_grad_cam.base_cam import BaseCAM
  File "/home/caregnatog/.local/lib/python3.10/site-packages/pytorch_grad_cam/base_cam.py", line 8, in <module>
    from pytorch_grad_cam.utils.image import scale_cam_image
  File "/home/caregnatog/.local/lib/python3.10/site-packages/pytorch_grad_cam/utils/__init__.py", line 2, in <module>
    from pytorch_grad_cam.utils.svd_on_activations import get_2d_projection
  File "/home/caregnatog/.local/lib/python3.10/site-packages/pytorch_grad_cam/utils/svd_on_activations.py", line 2, in <module>
    from sklearn.decomposition import KernelPCA
  File "/home/caregnatog/.local/lib/python3.10/site-packages/sklearn/__init__.py", line 73, in <module>
    from .base import clone  # noqa: E402
  File "/home/caregnatog/.local/lib/python3.10/site-packages/sklearn/base.py", line 19, in <module>
    from .utils._metadata_requests import _MetadataRequester, _routing_enabled
  File "/home/caregnatog/.local/lib/python3.10/site-packages/sklearn/utils/__init__.py", line 9, in <module>
    from ._chunking import gen_batches, gen_even_slices
  File "/home/caregnatog/.local/lib/python3.10/site-packages/sklearn/utils/_chunking.py", line 11, in <module>
    from ._param_validation import Interval, validate_params
  File "/home/caregnatog/.local/lib/python3.10/site-packages/sklearn/utils/_param_validation.py", line 17, in <module>
    from .validation import _is_arraylike_not_scalar
  File "/home/caregnatog/.local/lib/python3.10/site-packages/sklearn/utils/validation.py", line 21, in <module>
    from ..utils._array_api import _asarray_with_order, _is_numpy_namespace, get_namespace
  File "/home/caregnatog/.local/lib/python3.10/site-packages/sklearn/utils/_array_api.py", line 20, in <module>
    from .fixes import parse_version
  File "/home/caregnatog/.local/lib/python3.10/site-packages/sklearn/utils/fixes.py", line 20, in <module>
    import pandas as pd
  File "/home/caregnatog/.local/lib/python3.10/site-packages/pandas/__init__.py", line 26, in <module>
    from pandas.compat import (
  File "/home/caregnatog/.local/lib/python3.10/site-packages/pandas/compat/__init__.py", line 29, in <module>
    from pandas.compat.pyarrow import (
  File "/home/caregnatog/.local/lib/python3.10/site-packages/pandas/compat/pyarrow.py", line 8, in <module>
    import pyarrow as pa
  File "/home/caregnatog/.local/lib/python3.10/site-packages/pyarrow/__init__.py", line 65, in <module>
    import pyarrow.lib as _lib
AttributeError: _ARRAY_API not found

A module that was compiled using NumPy 1.x cannot be run in
NumPy 2.2.6 as it may crash. To support both 1.x and 2.x
versions of NumPy, modules must be compiled with NumPy 2.0.
Some module may need to rebuild instead e.g. with 'pybind11>=2.12'.

If you are a user of the module, the easiest solution will be to
downgrade to 'numpy<2' or try to upgrade the affected module.
We expect that some modules will need time to support NumPy 2.

Traceback (most recent call last):  File "<string>", line 1, in <module>
  File "/home/caregnatog/.local/lib/python3.10/site-packages/pytorch_grad_cam/__init__.py", line 1, in <module>
    from pytorch_grad_cam.grad_cam import GradCAM
  File "/home/caregnatog/.local/lib/python3.10/site-packages/pytorch_grad_cam/grad_cam.py", line 3, in <module>
    from pytorch_grad_cam.base_cam import BaseCAM
  File "/home/caregnatog/.local/lib/python3.10/site-packages/pytorch_grad_cam/base_cam.py", line 8, in <module>
    from pytorch_grad_cam.utils.image import scale_cam_image
  File "/home/caregnatog/.local/lib/python3.10/site-packages/pytorch_grad_cam/utils/__init__.py", line 2, in <module>
    from pytorch_grad_cam.utils.svd_on_activations import get_2d_projection
  File "/home/caregnatog/.local/lib/python3.10/site-packages/pytorch_grad_cam/utils/svd_on_activations.py", line 2, in <module>
    from sklearn.decomposition import KernelPCA
  File "/home/caregnatog/.local/lib/python3.10/site-packages/sklearn/__init__.py", line 73, in <module>
    from .base import clone  # noqa: E402
  File "/home/caregnatog/.local/lib/python3.10/site-packages/sklearn/base.py", line 19, in <module>
    from .utils._metadata_requests import _MetadataRequester, _routing_enabled
  File "/home/caregnatog/.local/lib/python3.10/site-packages/sklearn/utils/__init__.py", line 9, in <module>
    from ._chunking import gen_batches, gen_even_slices
  File "/home/caregnatog/.local/lib/python3.10/site-packages/sklearn/utils/_chunking.py", line 11, in <module>
    from ._param_validation import Interval, validate_params
  File "/home/caregnatog/.local/lib/python3.10/site-packages/sklearn/utils/_param_validation.py", line 17, in <module>
    from .validation import _is_arraylike_not_scalar
  File "/home/caregnatog/.local/lib/python3.10/site-packages/sklearn/utils/validation.py", line 21, in <module>
    from ..utils._array_api import _asarray_with_order, _is_numpy_namespace, get_namespace
  File "/home/caregnatog/.local/lib/python3.10/site-packages/sklearn/utils/_array_api.py", line 20, in <module>
    from .fixes import parse_version
  File "/home/caregnatog/.local/lib/python3.10/site-packages/sklearn/utils/fixes.py", line 20, in <module>
    import pandas as pd
  File "/home/caregnatog/.local/lib/python3.10/site-packages/pandas/__init__.py", line 49, in <module>
    from pandas.core.api import (
  File "/home/caregnatog/.local/lib/python3.10/site-packages/pandas/core/api.py", line 9, in <module>
    from pandas.core.dtypes.dtypes import (
  File "/home/caregnatog/.local/lib/python3.10/site-packages/pandas/core/dtypes/dtypes.py", line 24, in <module>
    from pandas._libs import (
  File "/home/caregnatog/.local/lib/python3.10/site-packages/pyarrow/__init__.py", line 65, in <module>
    import pyarrow.lib as _lib
AttributeError: _ARRAY_API not found

A module that was compiled using NumPy 1.x cannot be run in
NumPy 2.2.6 as it may crash. To support both 1.x and 2.x
versions of NumPy, modules must be compiled with NumPy 2.0.
Some module may need to rebuild instead e.g. with 'pybind11>=2.12'.

If you are a user of the module, the easiest solution will be to
downgrade to 'numpy<2' or try to upgrade the affected module.
We expect that some modules will need time to support NumPy 2.

Traceback (most recent call last):  File "<string>", line 1, in <module>
  File "/home/caregnatog/.local/lib/python3.10/site-packages/pytorch_grad_cam/__init__.py", line 1, in <module>
    from pytorch_grad_cam.grad_cam import GradCAM
  File "/home/caregnatog/.local/lib/python3.10/site-packages/pytorch_grad_cam/grad_cam.py", line 3, in <module>
    from pytorch_grad_cam.base_cam import BaseCAM
  File "/home/caregnatog/.local/lib/python3.10/site-packages/pytorch_grad_cam/base_cam.py", line 8, in <module>
    from pytorch_grad_cam.utils.image import scale_cam_image
  File "/home/caregnatog/.local/lib/python3.10/site-packages/pytorch_grad_cam/utils/__init__.py", line 2, in <module>
    from pytorch_grad_cam.utils.svd_on_activations import get_2d_projection
  File "/home/caregnatog/.local/lib/python3.10/site-packages/pytorch_grad_cam/utils/svd_on_activations.py", line 2, in <module>
    from sklearn.decomposition import KernelPCA
  File "/home/caregnatog/.local/lib/python3.10/site-packages/sklearn/__init__.py", line 73, in <module>
    from .base import clone  # noqa: E402
  File "/home/caregnatog/.local/lib/python3.10/site-packages/sklearn/base.py", line 19, in <module>
    from .utils._metadata_requests import _MetadataRequester, _routing_enabled
  File "/home/caregnatog/.local/lib/python3.10/site-packages/sklearn/utils/__init__.py", line 9, in <module>
    from ._chunking import gen_batches, gen_even_slices
  File "/home/caregnatog/.local/lib/python3.10/site-packages/sklearn/utils/_chunking.py", line 11, in <module>
    from ._param_validation import Interval, validate_params
  File "/home/caregnatog/.local/lib/python3.10/site-packages/sklearn/utils/_param_validation.py", line 17, in <module>
    from .validation import _is_arraylike_not_scalar
  File "/home/caregnatog/.local/lib/python3.10/site-packages/sklearn/utils/validation.py", line 21, in <module>
    from ..utils._array_api import _asarray_with_order, _is_numpy_namespace, get_namespace
  File "/home/caregnatog/.local/lib/python3.10/site-packages/sklearn/utils/_array_api.py", line 20, in <module>
    from .fixes import parse_version
  File "/home/caregnatog/.local/lib/python3.10/site-packages/sklearn/utils/fixes.py", line 421, in <module>
    import pyarrow
  File "/home/caregnatog/.local/lib/python3.10/site-packages/pyarrow/__init__.py", line 65, in <module>
    import pyarrow.lib as _lib
AttributeError: _ARRAY_API not found
Traceback (most recent call last):
  File "<string>", line 1, in <module>
  File "/home/caregnatog/.local/lib/python3.10/site-packages/pytorch_grad_cam/__init__.py", line 1, in <module>
    from pytorch_grad_cam.grad_cam import GradCAM
  File "/home/caregnatog/.local/lib/python3.10/site-packages/pytorch_grad_cam/grad_cam.py", line 3, in <module>
    from pytorch_grad_cam.base_cam import BaseCAM
  File "/home/caregnatog/.local/lib/python3.10/site-packages/pytorch_grad_cam/base_cam.py", line 8, in <module>
    from pytorch_grad_cam.utils.image import scale_cam_image
  File "/home/caregnatog/.local/lib/python3.10/site-packages/pytorch_grad_cam/utils/__init__.py", line 2, in <module>
    from pytorch_grad_cam.utils.svd_on_activations import get_2d_projection
  File "/home/caregnatog/.local/lib/python3.10/site-packages/pytorch_grad_cam/utils/svd_on_activations.py", line 2, in <module>
    from sklearn.decomposition import KernelPCA
  File "/home/caregnatog/.local/lib/python3.10/site-packages/sklearn/__init__.py", line 73, in <module>
    from .base import clone  # noqa: E402
  File "/home/caregnatog/.local/lib/python3.10/site-packages/sklearn/base.py", line 19, in <module>
    from .utils._metadata_requests import _MetadataRequester, _routing_enabled
  File "/home/caregnatog/.local/lib/python3.10/site-packages/sklearn/utils/__init__.py", line 9, in <module>
    from ._chunking import gen_batches, gen_even_slices
  File "/home/caregnatog/.local/lib/python3.10/site-packages/sklearn/utils/_chunking.py", line 11, in <module>
    from ._param_validation import Interval, validate_params
  File "/home/caregnatog/.local/lib/python3.10/site-packages/sklearn/utils/_param_validation.py", line 17, in <module>
    from .validation import _is_arraylike_not_scalar
  File "/home/caregnatog/.local/lib/python3.10/site-packages/sklearn/utils/validation.py", line 21, in <module>
    from ..utils._array_api import _asarray_with_order, _is_numpy_namespace, get_namespace
  File "/home/caregnatog/.local/lib/python3.10/site-packages/sklearn/utils/_array_api.py", line 20, in <module>
    from .fixes import parse_version
  File "/home/caregnatog/.local/lib/python3.10/site-packages/sklearn/utils/fixes.py", line 421, in <module>
    import pyarrow
  File "/home/caregnatog/.local/lib/python3.10/site-packages/pyarrow/__init__.py", line 65, in <module>
    import pyarrow.lib as _lib
  File "pyarrow/lib.pyx", line 36, in init pyarrow.lib
ImportError: numpy.core.multiarray failed to import
srun: error: gpu5: task 0: Exited with exit code 1
